C:\USERS\HOON\DOCUMENTS\VISUAL STUDIO 2012\PROJECTS\PE\PE\DEBUG\BIG.OBJ
C:\USERS\HOON\DOCUMENTS\VISUAL STUDIO 2012\PROJECTS\PE\PE\DEBUG\BN_PAIR.OBJ
C:\USERS\HOON\DOCUMENTS\VISUAL STUDIO 2012\PROJECTS\PE\PE\DEBUG\ECN.OBJ
C:\USERS\HOON\DOCUMENTS\VISUAL STUDIO 2012\PROJECTS\PE\PE\DEBUG\ECN2.OBJ
C:\USERS\HOON\DOCUMENTS\VISUAL STUDIO 2012\PROJECTS\PE\PE\DEBUG\ZZN.OBJ
C:\USERS\HOON\DOCUMENTS\VISUAL STUDIO 2012\PROJECTS\PE\PE\DEBUG\ZZN12.OBJ
C:\USERS\HOON\DOCUMENTS\VISUAL STUDIO 2012\PROJECTS\PE\PE\DEBUG\ZZN12A.OBJ
C:\USERS\HOON\DOCUMENTS\VISUAL STUDIO 2012\PROJECTS\PE\PE\DEBUG\ZZN2.OBJ
C:\USERS\HOON\DOCUMENTS\VISUAL STUDIO 2012\PROJECTS\PE\PE\DEBUG\ZZN4.OBJ
C:\USERS\HOON\DOCUMENTS\VISUAL STUDIO 2012\PROJECTS\PE\PE\DEBUG\STDAFX.OBJ
C:\USERS\HOON\DOCUMENTS\VISUAL STUDIO 2012\PROJECTS\PE\PE\DEBUG\VC110.PDB
C:\USERS\HOON\DOCUMENTS\VISUAL STUDIO 2012\PROJECTS\PE\PE\DEBUG\PE.OBJ
C:\USERS\HOON\DOCUMENTS\VISUAL STUDIO 2012\PROJECTS\PE\DEBUG\PE.ILK
C:\USERS\HOON\DOCUMENTS\VISUAL STUDIO 2012\PROJECTS\PE\DEBUG\PE.EXE
C:\USERS\HOON\DOCUMENTS\VISUAL STUDIO 2012\PROJECTS\PE\DEBUG\PE.PDB
C:\Users\hoon\Documents\Visual Studio 2012\Projects\PE\PE\Debug\big.obj
C:\Users\hoon\Documents\Visual Studio 2012\Projects\PE\PE\Debug\bn_pair.obj
C:\Users\hoon\Documents\Visual Studio 2012\Projects\PE\PE\Debug\ecn.obj
C:\Users\hoon\Documents\Visual Studio 2012\Projects\PE\PE\Debug\ecn2.obj
C:\Users\hoon\Documents\Visual Studio 2012\Projects\PE\PE\Debug\PE.obj
C:\Users\hoon\Documents\Visual Studio 2012\Projects\PE\PE\Debug\stdafx.obj
C:\Users\hoon\Documents\Visual Studio 2012\Projects\PE\PE\Debug\zzn.obj
C:\Users\hoon\Documents\Visual Studio 2012\Projects\PE\PE\Debug\zzn12.obj
C:\Users\hoon\Documents\Visual Studio 2012\Projects\PE\PE\Debug\zzn12a.obj
C:\Users\hoon\Documents\Visual Studio 2012\Projects\PE\PE\Debug\zzn2.obj
C:\Users\hoon\Documents\Visual Studio 2012\Projects\PE\PE\Debug\zzn4.obj
C:\Users\hoon\Documents\Visual Studio 2012\Projects\PE\PE\Debug\cl.command.1.tlog
C:\Users\hoon\Documents\Visual Studio 2012\Projects\PE\PE\Debug\CL.read.1.tlog
C:\Users\hoon\Documents\Visual Studio 2012\Projects\PE\PE\Debug\CL.write.1.tlog
C:\Users\hoon\Documents\Visual Studio 2012\Projects\PE\PE\Debug\link-cvtres.read.1.tlog
C:\Users\hoon\Documents\Visual Studio 2012\Projects\PE\PE\Debug\link-cvtres.write.1.tlog
C:\Users\hoon\Documents\Visual Studio 2012\Projects\PE\PE\Debug\link-rc.read.1.tlog
C:\Users\hoon\Documents\Visual Studio 2012\Projects\PE\PE\Debug\link-rc.write.1.tlog
C:\Users\hoon\Documents\Visual Studio 2012\Projects\PE\PE\Debug\link.13148-cvtres.read.1.tlog
C:\Users\hoon\Documents\Visual Studio 2012\Projects\PE\PE\Debug\link.13148-cvtres.write.1.tlog
C:\Users\hoon\Documents\Visual Studio 2012\Projects\PE\PE\Debug\link.13148-rc.read.1.tlog
C:\Users\hoon\Documents\Visual Studio 2012\Projects\PE\PE\Debug\link.13148-rc.write.1.tlog
C:\Users\hoon\Documents\Visual Studio 2012\Projects\PE\PE\Debug\link.13148.read.1.tlog
C:\Users\hoon\Documents\Visual Studio 2012\Projects\PE\PE\Debug\link.13148.write.1.tlog
C:\Users\hoon\Documents\Visual Studio 2012\Projects\PE\PE\Debug\link.command.1.tlog
C:\Users\hoon\Documents\Visual Studio 2012\Projects\PE\PE\Debug\link.read.1.tlog
C:\Users\hoon\Documents\Visual Studio 2012\Projects\PE\PE\Debug\link.read.2.tlog
C:\Users\hoon\Documents\Visual Studio 2012\Projects\PE\PE\Debug\link.write.1.tlog
C:\Users\hoon\Documents\Visual Studio 2012\Projects\PE\PE\Debug\vc110.idb
C:\Users\hoon\Documents\Visual Studio 2012\Projects\PE\PE\Debug\vc110.pdb
C:\Users\hoon\Documents\Visual Studio 2012\Projects\PE\Debug\PE.pdb
C:\Users\hoon\Documents\Visual Studio 2012\Projects\PE\Debug\PE.exe
C:\Users\hoon\Documents\Visual Studio 2012\Projects\PE\Debug\PE.ilk
